# JRE version: Java(TM) SE Runtime Environment (15.0.2+7) (build 15.0.2+7-27)
# Java VM: Java HotSpot(TM) 64-Bit Server VM (15.0.2+7-27, mixed mode, sharing, tiered, compressed oops, g1 gc, windows-amd64)
GC Precious Log:
 CPUs: 4 total, 4 available
 Memory: 8064M
 Large Page Support: Disabled
 NUMA Support: Disabled
 Compressed Oops: Enabled (32-bit)
 Heap Region Size: 1M
 Heap Min Capacity: 8M
 Heap Initial Capacity: 128M
 Heap Max Capacity: 2018M
 Pre-touch: Disabled
 Parallel Workers: 4
 Concurrent Workers: 1
 Concurrent Refinement Workers: 4
 Periodic GC: Disabled
Heap:
 garbage-first heap   total 131072K, used 13065K [0x0000000081e00000, 0x0000000100000000)
  region size 1024K, 6 young (6144K), 6 survivors (6144K)
 Metaspace       used 20161K, capacity 20420K, committed 20480K, reserved 1081344K
  class space    used 2678K, capacity 2792K, committed 2816K, reserved 1048576K
GC Heap History (10 events):
Event: 1.288 GC heap before
{Heap before GC invocations=0 (full 0):
 garbage-first heap   total 131072K, used 14336K [0x0000000081e00000, 0x0000000100000000)
  region size 1024K, 13 young (13312K), 0 survivors (0K)
 Metaspace       used 5163K, capacity 5325K, committed 5504K, reserved 1056768K
  class space    used 592K, capacity 638K, committed 640K, reserved 1048576K
}
Event: 1.297 GC heap after
{Heap after GC invocations=1 (full 0):
 garbage-first heap   total 131072K, used 7073K [0x0000000081e00000, 0x0000000100000000)
  region size 1024K, 2 young (2048K), 2 survivors (2048K)
 Metaspace       used 5163K, capacity 5325K, committed 5504K, reserved 1056768K
  class space    used 592K, capacity 638K, committed 640K, reserved 1048576K
}
Event: 1.638 GC heap before
{Heap before GC invocations=1 (full 0):
 garbage-first heap   total 131072K, used 14241K [0x0000000081e00000, 0x0000000100000000)
  region size 1024K, 9 young (9216K), 2 survivors (2048K)
 Metaspace       used 6593K, capacity 6763K, committed 7040K, reserved 1056768K
  class space    used 777K, capacity 840K, committed 896K, reserved 1048576K
}
Event: 1.643 GC heap after
{Heap after GC invocations=2 (full 0):
 garbage-first heap   total 131072K, used 8160K [0x0000000081e00000, 0x0000000100000000)
  region size 1024K, 1 young (1024K), 1 survivors (1024K)
 Metaspace       used 6593K, capacity 6763K, committed 7040K, reserved 1056768K
  class space    used 777K, capacity 840K, committed 896K, reserved 1048576K
}
Event: 2.477 GC heap before
{Heap before GC invocations=2 (full 0):
 garbage-first heap   total 131072K, used 26592K [0x0000000081e00000, 0x0000000100000000)
  region size 1024K, 20 young (20480K), 1 survivors (1024K)
 Metaspace       used 11063K, capacity 11218K, committed 11264K, reserved 1058816K
  class space    used 1417K, capacity 1490K, committed 1536K, reserved 1048576K
}
Event: 2.487 GC heap after
{Heap after GC invocations=3 (full 0):
 garbage-first heap   total 131072K, used 9522K [0x0000000081e00000, 0x0000000100000000)
  region size 1024K, 3 young (3072K), 3 survivors (3072K)
 Metaspace       used 11063K, capacity 11218K, committed 11264K, reserved 1058816K
  class space    used 1417K, capacity 1490K, committed 1536K, reserved 1048576K
}
Event: 3.325 GC heap before
{Heap before GC invocations=3 (full 0):
 garbage-first heap   total 131072K, used 81202K [0x0000000081e00000, 0x0000000100000000)
  region size 1024K, 74 young (75776K), 3 survivors (3072K)
 Metaspace       used 18091K, capacity 18343K, committed 18688K, reserved 1071104K
  class space    used 2355K, capacity 2470K, committed 2560K, reserved 1048576K
}
Event: 3.333 GC heap after
{Heap after GC invocations=4 (full 0):
 garbage-first heap   total 131072K, used 11934K [0x0000000081e00000, 0x0000000100000000)
  region size 1024K, 5 young (5120K), 5 survivors (5120K)
 Metaspace       used 18091K, capacity 18343K, committed 18688K, reserved 1071104K
  class space    used 2355K, capacity 2470K, committed 2560K, reserved 1048576K
}
Event: 4.126 GC heap before
{Heap before GC invocations=4 (full 0):
 garbage-first heap   total 131072K, used 37534K [0x0000000081e00000, 0x0000000100000000)
  region size 1024K, 31 young (31744K), 5 survivors (5120K)
 Metaspace       used 20161K, capacity 20420K, committed 20480K, reserved 1079296K
  class space    used 2678K, capacity 2792K, committed 2816K, reserved 1048576K
}
Event: 4.136 GC heap after
{Heap after GC invocations=5 (full 0):
 garbage-first heap   total 131072K, used 13065K [0x0000000081e00000, 0x0000000100000000)
  region size 1024K, 6 young (6144K), 6 survivors (6144K)
 Metaspace       used 20161K, capacity 20420K, committed 20480K, reserved 1079296K
  class space    used 2678K, capacity 2792K, committed 2816K, reserved 1048576K
}

